Build started 2015-09-29 오후 4:37:04.
     1>Project "C:\Users\Cosmonaut\Documents\SNU\기계시스템설계1\Codes\InRoL-Quadrotor-Platform-for-Research\usb2ppm_vicon_Control_v10\UAV_1\UAV_1.vcxproj" on node 2 (build target(s)).
     1>InitializeBuildStatus:
         Touching "Debug\usb2ppm_v10.unsuccessfulbuild".
       ClCompile:
         All outputs are up-to-date.
         All outputs are up-to-date.
       Link:
         C:\Program Files (x86)\Microsoft Visual Studio 10.0\VC\bin\link.exe /ERRORREPORT:PROMPT /OUT:"C:\Users\Cosmonaut\Documents\SNU\기계시스템설계1\Codes\InRoL-Quadrotor-Platform-for-Research\usb2ppm_vicon_Control_v10\Debug\usb2ppm_v10.exe" /INCREMENTAL:NO /NOLOGO "C:\Program Files (x86)\Vicon\DataStream SDK\Win32\CPP\ViconDataStreamSDK_CPP.lib" /MANIFEST /ManifestFile:"Debug\usb2ppm_v10.exe.intermediate.manifest" /MANIFESTUAC:"level='asInvoker' uiAccess='false'" /DEBUG /PDB:"C:\Users\Cosmonaut\Documents\SNU\기계시스템설계1\Codes\InRoL-Quadrotor-Platform-for-Research\usb2ppm_vicon_Control_v10\Debug\usb2ppm_v10.pdb" /SUBSYSTEM:CONSOLE /TLBID:1 /DYNAMICBASE /NXCOMPAT /IMPLIB:"C:\Users\Cosmonaut\Documents\SNU\기계시스템설계1\Codes\InRoL-Quadrotor-Platform-for-Research\usb2ppm_vicon_Control_v10\Debug\usb2ppm_v10.lib" /MACHINE:X86 Debug\Desired.obj
         Debug\Matrix33.obj
         Debug\Obstacle.obj
         Debug\PSPM.obj
         Debug\stdafx.obj
         Debug\Tracker.obj
         Debug\UAV_1.obj
         Debug\usb2PPM.obj
         Debug\Vector3.obj
     1>Desired.obj : warning LNK4075: ignoring '/EDITANDCONTINUE' due to '/INCREMENTAL:NO' specification
         UAV_1.vcxproj -> C:\Users\Cosmonaut\Documents\SNU\기계시스템설계1\Codes\InRoL-Quadrotor-Platform-for-Research\usb2ppm_vicon_Control_v10\Debug\usb2ppm_v10.exe
       Manifest:
         C:\Program Files (x86)\Microsoft SDKs\Windows\v7.0A\bin\mt.exe /nologo /verbose /outputresource:"C:\Users\Cosmonaut\Documents\SNU\기계시스템설계1\Codes\InRoL-Quadrotor-Platform-for-Research\usb2ppm_vicon_Control_v10\Debug\usb2ppm_v10.exe;#1" /manifest Debug\usb2ppm_v10.exe.intermediate.manifest
       FinalizeBuildStatus:
         Deleting file "Debug\usb2ppm_v10.unsuccessfulbuild".
         Touching "Debug\usb2ppm_v10.lastbuildstate".
     1>Done Building Project "C:\Users\Cosmonaut\Documents\SNU\기계시스템설계1\Codes\InRoL-Quadrotor-Platform-for-Research\usb2ppm_vicon_Control_v10\UAV_1\UAV_1.vcxproj" (build target(s)).

Build succeeded.

Time Elapsed 00:00:00.47
