C:\USERS\JAEYOUNG\DOCUMENTS\SNU\기계시스템설계1\CODES\INROL_QUADROTOR_PLATFORM_V10\INROL-QUADROTOR-PLATFORM-FOR-RESEARCH\USB2PPM_VICON_CONTROL_V10\DEBUG\USB2PPM_V10.EXE
C:\USERS\JAEYOUNG\DOCUMENTS\SNU\기계시스템설계1\CODES\INROL_QUADROTOR_PLATFORM_V10\INROL-QUADROTOR-PLATFORM-FOR-RESEARCH\USB2PPM_VICON_CONTROL_V10\DEBUG\USB2PPM_V10.PDB
C:\Users\Jaeyoung\Documents\SNU\기계시스템설계1\Codes\InRol_Quadrotor_Platform_v10\InRoL-Quadrotor-Platform-for-Research\usb2ppm_vicon_Control_v10\UAV_1\Debug\cl.command.1.tlog
C:\Users\Jaeyoung\Documents\SNU\기계시스템설계1\Codes\InRol_Quadrotor_Platform_v10\InRoL-Quadrotor-Platform-for-Research\usb2ppm_vicon_Control_v10\UAV_1\Debug\CL.read.1.tlog
C:\Users\Jaeyoung\Documents\SNU\기계시스템설계1\Codes\InRol_Quadrotor_Platform_v10\InRoL-Quadrotor-Platform-for-Research\usb2ppm_vicon_Control_v10\UAV_1\Debug\CL.write.1.tlog
C:\USERS\JAEYOUNG\DOCUMENTS\SNU\기계시스템설계1\CODES\INROL_QUADROTOR_PLATFORM_V10\INROL-QUADROTOR-PLATFORM-FOR-RESEARCH\USB2PPM_VICON_CONTROL_V10\UAV_1\DEBUG\DESIRED.OBJ
C:\Users\Jaeyoung\Documents\SNU\기계시스템설계1\Codes\InRol_Quadrotor_Platform_v10\InRoL-Quadrotor-Platform-for-Research\usb2ppm_vicon_Control_v10\UAV_1\Debug\link.command.1.tlog
C:\Users\Jaeyoung\Documents\SNU\기계시스템설계1\Codes\InRol_Quadrotor_Platform_v10\InRoL-Quadrotor-Platform-for-Research\usb2ppm_vicon_Control_v10\UAV_1\Debug\link.read.1.tlog
C:\Users\Jaeyoung\Documents\SNU\기계시스템설계1\Codes\InRol_Quadrotor_Platform_v10\InRoL-Quadrotor-Platform-for-Research\usb2ppm_vicon_Control_v10\UAV_1\Debug\link.write.1.tlog
C:\USERS\JAEYOUNG\DOCUMENTS\SNU\기계시스템설계1\CODES\INROL_QUADROTOR_PLATFORM_V10\INROL-QUADROTOR-PLATFORM-FOR-RESEARCH\USB2PPM_VICON_CONTROL_V10\UAV_1\DEBUG\MATRIX33.OBJ
C:\Users\Jaeyoung\Documents\SNU\기계시스템설계1\Codes\InRol_Quadrotor_Platform_v10\InRoL-Quadrotor-Platform-for-Research\usb2ppm_vicon_Control_v10\UAV_1\Debug\mt.command.1.tlog
C:\Users\Jaeyoung\Documents\SNU\기계시스템설계1\Codes\InRol_Quadrotor_Platform_v10\InRoL-Quadrotor-Platform-for-Research\usb2ppm_vicon_Control_v10\UAV_1\Debug\mt.read.1.tlog
C:\Users\Jaeyoung\Documents\SNU\기계시스템설계1\Codes\InRol_Quadrotor_Platform_v10\InRoL-Quadrotor-Platform-for-Research\usb2ppm_vicon_Control_v10\UAV_1\Debug\mt.write.1.tlog
C:\USERS\JAEYOUNG\DOCUMENTS\SNU\기계시스템설계1\CODES\INROL_QUADROTOR_PLATFORM_V10\INROL-QUADROTOR-PLATFORM-FOR-RESEARCH\USB2PPM_VICON_CONTROL_V10\UAV_1\DEBUG\OBSTACLE.OBJ
C:\USERS\JAEYOUNG\DOCUMENTS\SNU\기계시스템설계1\CODES\INROL_QUADROTOR_PLATFORM_V10\INROL-QUADROTOR-PLATFORM-FOR-RESEARCH\USB2PPM_VICON_CONTROL_V10\UAV_1\DEBUG\PSPM.OBJ
C:\USERS\JAEYOUNG\DOCUMENTS\SNU\기계시스템설계1\CODES\INROL_QUADROTOR_PLATFORM_V10\INROL-QUADROTOR-PLATFORM-FOR-RESEARCH\USB2PPM_VICON_CONTROL_V10\UAV_1\DEBUG\STDAFX.OBJ
C:\USERS\JAEYOUNG\DOCUMENTS\SNU\기계시스템설계1\CODES\INROL_QUADROTOR_PLATFORM_V10\INROL-QUADROTOR-PLATFORM-FOR-RESEARCH\USB2PPM_VICON_CONTROL_V10\UAV_1\DEBUG\TRACKER.OBJ
C:\USERS\JAEYOUNG\DOCUMENTS\SNU\기계시스템설계1\CODES\INROL_QUADROTOR_PLATFORM_V10\INROL-QUADROTOR-PLATFORM-FOR-RESEARCH\USB2PPM_VICON_CONTROL_V10\UAV_1\DEBUG\UAV_1.OBJ
C:\Users\Jaeyoung\Documents\SNU\기계시스템설계1\Codes\InRol_Quadrotor_Platform_v10\InRoL-Quadrotor-Platform-for-Research\usb2ppm_vicon_Control_v10\UAV_1\Debug\UAV_1.vcxprojResolveAssemblyReference.cache
C:\USERS\JAEYOUNG\DOCUMENTS\SNU\기계시스템설계1\CODES\INROL_QUADROTOR_PLATFORM_V10\INROL-QUADROTOR-PLATFORM-FOR-RESEARCH\USB2PPM_VICON_CONTROL_V10\UAV_1\DEBUG\USB2PPM.OBJ
C:\USERS\JAEYOUNG\DOCUMENTS\SNU\기계시스템설계1\CODES\INROL_QUADROTOR_PLATFORM_V10\INROL-QUADROTOR-PLATFORM-FOR-RESEARCH\USB2PPM_VICON_CONTROL_V10\UAV_1\DEBUG\USB2PPM_V10.EXE.INTERMEDIATE.MANIFEST
C:\USERS\JAEYOUNG\DOCUMENTS\SNU\기계시스템설계1\CODES\INROL_QUADROTOR_PLATFORM_V10\INROL-QUADROTOR-PLATFORM-FOR-RESEARCH\USB2PPM_VICON_CONTROL_V10\UAV_1\DEBUG\USB2PPM_V10.PCH
C:\Users\Jaeyoung\Documents\SNU\기계시스템설계1\Codes\InRol_Quadrotor_Platform_v10\InRoL-Quadrotor-Platform-for-Research\usb2ppm_vicon_Control_v10\UAV_1\Debug\usb2ppm_v10.write.1.tlog
C:\Users\Jaeyoung\Documents\SNU\기계시스템설계1\Codes\InRol_Quadrotor_Platform_v10\InRoL-Quadrotor-Platform-for-Research\usb2ppm_vicon_Control_v10\UAV_1\Debug\vc100.idb
C:\USERS\JAEYOUNG\DOCUMENTS\SNU\기계시스템설계1\CODES\INROL_QUADROTOR_PLATFORM_V10\INROL-QUADROTOR-PLATFORM-FOR-RESEARCH\USB2PPM_VICON_CONTROL_V10\UAV_1\DEBUG\VC100.PDB
C:\USERS\JAEYOUNG\DOCUMENTS\SNU\기계시스템설계1\CODES\INROL_QUADROTOR_PLATFORM_V10\INROL-QUADROTOR-PLATFORM-FOR-RESEARCH\USB2PPM_VICON_CONTROL_V10\UAV_1\DEBUG\VECTOR3.OBJ
